#
# There is insufficient memory for the Java Runtime Environment to continue.
# Native memory allocation (malloc) failed to allocate 688176 bytes for Chunk::new
# Possible reasons:
#   The system is out of physical RAM or swap space
#   In 32 bit mode, the process size limit was hit
# Possible solutions:
#   Reduce memory load on the system
#   Increase physical memory or swap space
#   Check if swap backing store is full
#   Use 64 bit Java on a 64 bit OS
#   Decrease Java heap size (-Xmx/-Xms)
#   Decrease number of Java threads
#   Decrease Java thread stack sizes (-Xss)
#   Set larger code cache with -XX:ReservedCodeCacheSize=
# This output file may be truncated or incomplete.
#
#  Out of Memory Error (allocation.cpp:390), pid=17232, tid=0x0000000000001408
#
# JRE version: Java(TM) SE Runtime Environment (8.0_131-b11) (build 1.8.0_131-b11)
# Java VM: Java HotSpot(TM) 64-Bit Server VM (25.131-b11 mixed mode windows-amd64 compressed oops)
# Failed to write core dump. Minidumps are not enabled by default on client versions of Windows
#

---------------  T H R E A D  ---------------

Current thread (0x0000000019be3000):  JavaThread "C2 CompilerThread1" daemon [_thread_in_native, id=5128, stack(0x000000001b690000,0x000000001b790000)]

Stack: [0x000000001b690000,0x000000001b790000]
[error occurred during error reporting (printing stack bounds), id 0xc0000005]

Native frames: (J=compiled Java code, j=interpreted, Vv=VM code, C=native code)


Current CompileTask:
C2:225595788 10159       4       ch.qos.logback.classic.spi.PackagingDataCalculator::computeBySTEP (81 bytes)


---------------  P R O C E S S  ---------------

Java Threads: ( => current thread )
  0x000000001eaaf000 JavaThread "AsyncResolver-bootstrap-executor-0" daemon [_thread_blocked, id=18848, stack(0x000000002ad00000,0x000000002ae00000)]
  0x000000001eaa7800 JavaThread "DiscoveryClient-HeartbeatExecutor-0" daemon [_thread_blocked, id=12604, stack(0x000000002ac00000,0x000000002ad00000)]
  0x000000001eaa9000 JavaThread "DiscoveryClient-CacheRefreshExecutor-0" daemon [_thread_in_native, id=5904, stack(0x000000002ab00000,0x000000002ac00000)]
  0x000000001eaa8000 JavaThread "DestroyJavaVM" [_thread_blocked, id=11532, stack(0x0000000002940000,0x0000000002a40000)]
  0x000000002572d000 JavaThread "http-nio-8030-AsyncTimeout" daemon [_thread_blocked, id=14728, stack(0x0000000029930000,0x0000000029a30000)]
  0x000000002572c800 JavaThread "http-nio-8030-Acceptor-0" daemon [_thread_in_native, id=5124, stack(0x0000000029830000,0x0000000029930000)]
  0x000000002572b800 JavaThread "http-nio-8030-ClientPoller-1" daemon [_thread_in_native, id=13416, stack(0x0000000029730000,0x0000000029830000)]
  0x000000002572b000 JavaThread "http-nio-8030-ClientPoller-0" daemon [_thread_in_native, id=16176, stack(0x0000000029630000,0x0000000029730000)]
  0x0000000025729800 JavaThread "http-nio-8030-exec-10" daemon [_thread_blocked, id=18180, stack(0x0000000029530000,0x0000000029630000)]
  0x0000000025728800 JavaThread "http-nio-8030-exec-9" daemon [_thread_blocked, id=808, stack(0x0000000029430000,0x0000000029530000)]
  0x0000000025728000 JavaThread "http-nio-8030-exec-8" daemon [_thread_blocked, id=17264, stack(0x0000000029330000,0x0000000029430000)]
  0x000000002572a000 JavaThread "http-nio-8030-exec-7" daemon [_thread_blocked, id=1096, stack(0x0000000029230000,0x0000000029330000)]
  0x000000002572e000 JavaThread "http-nio-8030-exec-6" daemon [_thread_blocked, id=11808, stack(0x0000000029130000,0x0000000029230000)]
  0x0000000025727000 JavaThread "http-nio-8030-exec-5" daemon [_thread_blocked, id=13616, stack(0x0000000029030000,0x0000000029130000)]
  0x000000002571f800 JavaThread "http-nio-8030-exec-4" daemon [_thread_blocked, id=16152, stack(0x0000000028f30000,0x0000000029030000)]
  0x0000000025726800 JavaThread "http-nio-8030-exec-3" daemon [_thread_blocked, id=10944, stack(0x0000000028e30000,0x0000000028f30000)]
  0x000000002571f000 JavaThread "http-nio-8030-exec-2" daemon [_thread_blocked, id=13116, stack(0x0000000028d30000,0x0000000028e30000)]
  0x0000000025725800 JavaThread "http-nio-8030-exec-1" daemon [_thread_blocked, id=14992, stack(0x0000000028c30000,0x0000000028d30000)]
  0x0000000025725000 JavaThread "NioBlockingSelector.BlockPoller-1" daemon [_thread_in_native, id=15568, stack(0x0000000028b30000,0x0000000028c30000)]
  0x0000000025724000 JavaThread "HystrixMetricPoller" daemon [_thread_blocked, id=11824, stack(0x0000000028a30000,0x0000000028b30000)]
  0x0000000025723800 JavaThread "SimpleHostRoutingFilter.connectionManagerTimer" daemon [_thread_blocked, id=8408, stack(0x0000000028730000,0x0000000028830000)]
  0x0000000025721000 JavaThread "Live Reload Server" daemon [_thread_in_native, id=13272, stack(0x0000000028630000,0x0000000028730000)]
  0x0000000025720800 JavaThread "commons-pool-evictor-thread" [_thread_blocked, id=13584, stack(0x0000000027360000,0x0000000027460000)]
  0x000000001cf20000 JavaThread "RxIoScheduler-1 (Evictor)" daemon [_thread_blocked, id=13548, stack(0x0000000026f50000,0x0000000027050000)]
  0x000000001cf1d800 JavaThread "Druid-ConnectionPool-Destroy-1817119913" daemon [_thread_blocked, id=18996, stack(0x0000000024e20000,0x0000000024f20000)]
  0x000000001cf1a800 JavaThread "Druid-ConnectionPool-Create-1817119913" daemon [_thread_in_native, id=8680, stack(0x0000000024d20000,0x0000000024e20000)]
  0x000000001cf1a000 JavaThread "Abandoned connection cleanup thread" daemon [_thread_blocked, id=19388, stack(0x00000000249b0000,0x0000000024ab0000)]
  0x000000001cf1d000 JavaThread "DiscoveryClient-InstanceInfoReplicator-0" daemon [_thread_blocked, id=10736, stack(0x00000000248b0000,0x00000000249b0000)]
  0x000000001cf1f000 JavaThread "DiscoveryClient-1" daemon [_thread_blocked, id=16868, stack(0x00000000247b0000,0x00000000248b0000)]
  0x000000001cf1e800 JavaThread "DiscoveryClient-0" daemon [_thread_blocked, id=18396, stack(0x00000000246b0000,0x00000000247b0000)]
  0x000000001cf1b800 JavaThread "AsyncResolver-bootstrap-0" daemon [_thread_blocked, id=18252, stack(0x00000000242b0000,0x00000000243b0000)]
  0x000000001cf1c000 JavaThread "Eureka-JerseyClient-Conn-Cleaner2" daemon [_thread_blocked, id=5344, stack(0x00000000241b0000,0x00000000242b0000)]
  0x000000001cf19000 JavaThread "Eureka-JerseyClient-Conn-Cleaner2" daemon [_thread_blocked, id=7072, stack(0x00000000240b0000,0x00000000241b0000)]
  0x000000001d1c9000 JavaThread "container-0" [_thread_blocked, id=18072, stack(0x0000000023bb0000,0x0000000023cb0000)]
  0x0000000021a0e800 JavaThread "ContainerBackgroundProcessor[StandardEngine[Tomcat]]" daemon [_thread_blocked, id=11616, stack(0x0000000023ab0000,0x0000000023bb0000)]
  0x0000000020f30800 JavaThread "spring.cloud.inetutils" daemon [_thread_blocked, id=996, stack(0x00000000227e0000,0x00000000228e0000)]
  0x000000001b027000 JavaThread "Service Thread" daemon [_thread_blocked, id=2588, stack(0x000000001b890000,0x000000001b990000)]
  0x0000000019bea000 JavaThread "C1 CompilerThread2" daemon [_thread_blocked, id=11636, stack(0x000000001b790000,0x000000001b890000)]
=>0x0000000019be3000 JavaThread "C2 CompilerThread1" daemon [_thread_in_native, id=5128, stack(0x000000001b690000,0x000000001b790000)]
  0x0000000019bdb800 JavaThread "C2 CompilerThread0" daemon [_thread_blocked, id=15940, stack(0x000000001b590000,0x000000001b690000)]
  0x000000001afd3800 JavaThread "Attach Listener" daemon [_thread_blocked, id=12428, stack(0x000000001b490000,0x000000001b590000)]
  0x0000000019bc9000 JavaThread "Signal Dispatcher" daemon [_thread_blocked, id=9612, stack(0x000000001b390000,0x000000001b490000)]
  0x0000000002b3e000 JavaThread "Finalizer" daemon [_thread_blocked, id=1184, stack(0x000000001ae30000,0x000000001af30000)]
  0x0000000002b3a000 JavaThread "Reference Handler" daemon [_thread_blocked, id=13260, stack(0x000000001ad30000,0x000000001ae30000)]

Other Threads:
  0x0000000019b77800 VMThread [stack: 0x000000001ac30000,0x000000001ad30000] [id=14584]
  0x000000001b093800 WatcherThread [stack: 0x000000001b990000,0x000000001ba90000] [id=7476]

VM state:not at safepoint (normal execution)

VM Mutex/Monitor currently owned by a thread: None

Heap:
 PSYoungGen      total 41984K, used 40831K [0x0000000780a00000, 0x0000000795b00000, 0x00000007c0000000)
  eden space 41472K, 97% used [0x0000000780a00000,0x00000007831afd08,0x0000000783280000)
  from space 512K, 37% used [0x0000000795a80000,0x0000000795ab0000,0x0000000795b00000)
  to   space 512K, 0% used [0x0000000795a00000,0x0000000795a00000,0x0000000795a80000)
 ParOldGen       total 187392K, used 63668K [0x0000000701e00000, 0x000000070d500000, 0x0000000780a00000)
  object space 187392K, 33% used [0x0000000701e00000,0x0000000705c2d390,0x000000070d500000)
 Metaspace       used 72495K, capacity 73416K, committed 73984K, reserved 1114112K
  class space    used 9158K, capacity 9384K, committed 9472K, reserved 1048576K

Card table byte_map: [0x0000000011f00000,0x0000000012500000] byte_map_base: 0x000000000e6f1000

Marking Bits: (ParMarkBitMap*) 0x00000000633cc720
 Begin Bits: [0x0000000012d00000, 0x0000000015c88000)
 End Bits:   [0x0000000015c88000, 0x0000000018c10000)

Polling page: 0x0000000000b90000

CodeCache: size=245760Kb used=30631Kb max_used=31087Kb free=215128Kb
 bounds [0x0000000002b40000, 0x0000000004a00000, 0x0000000011b40000]
 total_blobs=8547 nmethods=7949 adapters=508
 compilation: enabled

Compilation events (10 events):
Event: 217818.020 Thread 0x0000000019be3000 nmethod 10155 0x0000000004611710 code [0x0000000004611940, 0x0000000004615b58]
Event: 217876.791 Thread 0x0000000019bea000 10156       3       java.nio.Buffer::clear (20 bytes)
Event: 217876.792 Thread 0x0000000019bea000 nmethod 10156 0x000000000447f150 code [0x000000000447f2a0, 0x000000000447f410]
Event: 225570.392 Thread 0x0000000019bea000 10157       3       ch.qos.logback.classic.spi.PackagingDataCalculator::getImplementationVersion (33 bytes)
Event: 225570.436 Thread 0x0000000019bea000 nmethod 10157 0x0000000002d28ed0 code [0x0000000002d29060, 0x0000000002d293e8]
Event: 225571.883 Thread 0x0000000019be3000 10159       4       ch.qos.logback.classic.spi.PackagingDataCalculator::computeBySTEP (81 bytes)
Event: 225571.883 Thread 0x0000000019bea000 10160       3       ch.qos.logback.classic.spi.ClassPackagingData::<init> (20 bytes)
Event: 225571.883 Thread 0x0000000019bea000 nmethod 10160 0x0000000002cb5e90 code [0x0000000002cb5fe0, 0x0000000002cb61d0]
Event: 225571.884 Thread 0x0000000019bea000 10161       3       ch.qos.logback.classic.pattern.ExtendedThrowableProxyConverter::extraData (6 bytes)
Event: 225571.900 Thread 0x0000000019bea000 nmethod 10161 0x000000000453a750 code [0x000000000453a8c0, 0x000000000453aa48]

GC Heap History (10 events):
Event: 216638.625 GC heap before
{Heap before GC invocations=425 (full 3):
 PSYoungGen      total 41984K, used 41600K [0x0000000780a00000, 0x0000000795b00000, 0x00000007c0000000)
  eden space 41472K, 100% used [0x0000000780a00000,0x0000000783280000,0x0000000783280000)
  from space 512K, 25% used [0x0000000795a00000,0x0000000795a20000,0x0000000795a80000)
  to   space 512K, 0% used [0x0000000795a80000,0x0000000795a80000,0x0000000795b00000)
 ParOldGen       total 187392K, used 63668K [0x0000000701e00000, 0x000000070d500000, 0x0000000780a00000)
  object space 187392K, 33% used [0x0000000701e00000,0x0000000705c2d390,0x000000070d500000)
 Metaspace       used 72492K, capacity 73416K, committed 73984K, reserved 1114112K
  class space    used 9158K, capacity 9384K, committed 9472K, reserved 1048576K
Event: 216638.629 GC heap after
Heap after GC invocations=425 (full 3):
 PSYoungGen      total 41984K, used 160K [0x0000000780a00000, 0x0000000795b00000, 0x00000007c0000000)
  eden space 41472K, 0% used [0x0000000780a00000,0x0000000780a00000,0x0000000783280000)
  from space 512K, 31% used [0x0000000795a80000,0x0000000795aa8000,0x0000000795b00000)
  to   space 512K, 0% used [0x0000000795a00000,0x0000000795a00000,0x0000000795a80000)
 ParOldGen       total 187392K, used 63668K [0x0000000701e00000, 0x000000070d500000, 0x0000000780a00000)
  object space 187392K, 33% used [0x0000000701e00000,0x0000000705c2d390,0x000000070d500000)
 Metaspace       used 72492K, capacity 73416K, committed 73984K, reserved 1114112K
  class space    used 9158K, capacity 9384K, committed 9472K, reserved 1048576K
}
Event: 216935.847 GC heap before
{Heap before GC invocations=426 (full 3):
 PSYoungGen      total 41984K, used 41632K [0x0000000780a00000, 0x0000000795b00000, 0x00000007c0000000)
  eden space 41472K, 100% used [0x0000000780a00000,0x0000000783280000,0x0000000783280000)
  from space 512K, 31% used [0x0000000795a80000,0x0000000795aa8000,0x0000000795b00000)
  to   space 512K, 0% used [0x0000000795a00000,0x0000000795a00000,0x0000000795a80000)
 ParOldGen       total 187392K, used 63668K [0x0000000701e00000, 0x000000070d500000, 0x0000000780a00000)
  object space 187392K, 33% used [0x0000000701e00000,0x0000000705c2d390,0x000000070d500000)
 Metaspace       used 72492K, capacity 73416K, committed 73984K, reserved 1114112K
  class space    used 9158K, capacity 9384K, committed 9472K, reserved 1048576K
Event: 216935.850 GC heap after
Heap after GC invocations=426 (full 3):
 PSYoungGen      total 41984K, used 160K [0x0000000780a00000, 0x0000000795b00000, 0x00000007c0000000)
  eden space 41472K, 0% used [0x0000000780a00000,0x0000000780a00000,0x0000000783280000)
  from space 512K, 31% used [0x0000000795a00000,0x0000000795a28000,0x0000000795a80000)
  to   space 512K, 0% used [0x0000000795a80000,0x0000000795a80000,0x0000000795b00000)
 ParOldGen       total 187392K, used 63668K [0x0000000701e00000, 0x000000070d500000, 0x0000000780a00000)
  object space 187392K, 33% used [0x0000000701e00000,0x0000000705c2d390,0x000000070d500000)
 Metaspace       used 72492K, capacity 73416K, committed 73984K, reserved 1114112K
  class space    used 9158K, capacity 9384K, committed 9472K, reserved 1048576K
}
Event: 217232.542 GC heap before
{Heap before GC invocations=427 (full 3):
 PSYoungGen      total 41984K, used 41632K [0x0000000780a00000, 0x0000000795b00000, 0x00000007c0000000)
  eden space 41472K, 100% used [0x0000000780a00000,0x0000000783280000,0x0000000783280000)
  from space 512K, 31% used [0x0000000795a00000,0x0000000795a28000,0x0000000795a80000)
  to   space 512K, 0% used [0x0000000795a80000,0x0000000795a80000,0x0000000795b00000)
 ParOldGen       total 187392K, used 63668K [0x0000000701e00000, 0x000000070d500000, 0x0000000780a00000)
  object space 187392K, 33% used [0x0000000701e00000,0x0000000705c2d390,0x000000070d500000)
 Metaspace       used 72492K, capacity 73416K, committed 73984K, reserved 1114112K
  class space    used 9158K, capacity 9384K, committed 9472K, reserved 1048576K
Event: 217232.546 GC heap after
Heap after GC invocations=427 (full 3):
 PSYoungGen      total 41984K, used 128K [0x0000000780a00000, 0x0000000795b00000, 0x00000007c0000000)
  eden space 41472K, 0% used [0x0000000780a00000,0x0000000780a00000,0x0000000783280000)
  from space 512K, 25% used [0x0000000795a80000,0x0000000795aa0000,0x0000000795b00000)
  to   space 512K, 0% used [0x0000000795a00000,0x0000000795a00000,0x0000000795a80000)
 ParOldGen       total 187392K, used 63668K [0x0000000701e00000, 0x000000070d500000, 0x0000000780a00000)
  object space 187392K, 33% used [0x0000000701e00000,0x0000000705c2d390,0x000000070d500000)
 Metaspace       used 72492K, capacity 73416K, committed 73984K, reserved 1114112K
  class space    used 9158K, capacity 9384K, committed 9472K, reserved 1048576K
}
Event: 217529.275 GC heap before
{Heap before GC invocations=428 (full 3):
 PSYoungGen      total 41984K, used 41600K [0x0000000780a00000, 0x0000000795b00000, 0x00000007c0000000)
  eden space 41472K, 100% used [0x0000000780a00000,0x0000000783280000,0x0000000783280000)
  from space 512K, 25% used [0x0000000795a80000,0x0000000795aa0000,0x0000000795b00000)
  to   space 512K, 0% used [0x0000000795a00000,0x0000000795a00000,0x0000000795a80000)
 ParOldGen       total 187392K, used 63668K [0x0000000701e00000, 0x000000070d500000, 0x0000000780a00000)
  object space 187392K, 33% used [0x0000000701e00000,0x0000000705c2d390,0x000000070d500000)
 Metaspace       used 72492K, capacity 73416K, committed 73984K, reserved 1114112K
  class space    used 9158K, capacity 9384K, committed 9472K, reserved 1048576K
Event: 217529.278 GC heap after
Heap after GC invocations=428 (full 3):
 PSYoungGen      total 41984K, used 160K [0x0000000780a00000, 0x0000000795b00000, 0x00000007c0000000)
  eden space 41472K, 0% used [0x0000000780a00000,0x0000000780a00000,0x0000000783280000)
  from space 512K, 31% used [0x0000000795a00000,0x0000000795a28000,0x0000000795a80000)
  to   space 512K, 0% used [0x0000000795a80000,0x0000000795a80000,0x0000000795b00000)
 ParOldGen       total 187392K, used 63668K [0x0000000701e00000, 0x000000070d500000, 0x0000000780a00000)
  object space 187392K, 33% used [0x0000000701e00000,0x0000000705c2d390,0x000000070d500000)
 Metaspace       used 72492K, capacity 73416K, committed 73984K, reserved 1114112K
  class space    used 9158K, capacity 9384K, committed 9472K, reserved 1048576K
}
Event: 217826.017 GC heap before
{Heap before GC invocations=429 (full 3):
 PSYoungGen      total 41984K, used 41632K [0x0000000780a00000, 0x0000000795b00000, 0x00000007c0000000)
  eden space 41472K, 100% used [0x0000000780a00000,0x0000000783280000,0x0000000783280000)
  from space 512K, 31% used [0x0000000795a00000,0x0000000795a28000,0x0000000795a80000)
  to   space 512K, 0% used [0x0000000795a80000,0x0000000795a80000,0x0000000795b00000)
 ParOldGen       total 187392K, used 63668K [0x0000000701e00000, 0x000000070d500000, 0x0000000780a00000)
  object space 187392K, 33% used [0x0000000701e00000,0x0000000705c2d390,0x000000070d500000)
 Metaspace       used 72492K, capacity 73416K, committed 73984K, reserved 1114112K
  class space    used 9158K, capacity 9384K, committed 9472K, reserved 1048576K
Event: 217826.020 GC heap after
Heap after GC invocations=429 (full 3):
 PSYoungGen      total 41984K, used 192K [0x0000000780a00000, 0x0000000795b00000, 0x00000007c0000000)
  eden space 41472K, 0% used [0x0000000780a00000,0x0000000780a00000,0x0000000783280000)
  from space 512K, 37% used [0x0000000795a80000,0x0000000795ab0000,0x0000000795b00000)
  to   space 512K, 0% used [0x0000000795a00000,0x0000000795a00000,0x0000000795a80000)
 ParOldGen       total 187392K, used 63668K [0x0000000701e00000, 0x000000070d500000, 0x0000000780a00000)
  object space 187392K, 33% used [0x0000000701e00000,0x0000000705c2d390,0x000000070d500000)
 Metaspace       used 72492K, capacity 73416K, committed 73984K, reserved 1114112K
  class space    used 9158K, capacity 9384K, committed 9472K, reserved 1048576K
}

Deoptimization events (10 events):
Event: 225563.089 Thread 0x000000001eaa7800 Uncommon trap: reason=class_check action=maybe_recompile pc=0x00000000032fdb70 method=ch.qos.logback.classic.spi.PackagingDataCalculator.loadClass(Ljava/lang/ClassLoader;Ljava/lang/String;)Ljava/lang/Class; @ 8
Event: 225563.612 Thread 0x000000001eaa7800 Uncommon trap: reason=unstable_if action=reinterpret pc=0x00000000033f2658 method=ch.qos.logback.classic.spi.ThrowableProxyUtil.subjoinPackagingData(Ljava/lang/StringBuilder;Lch/qos/logback/classic/spi/StackTraceElementProxy;)V @ 17
Event: 225563.744 Thread 0x000000001eaa7800 Uncommon trap: reason=unstable_if action=reinterpret pc=0x0000000003474e24 method=ch.qos.logback.classic.Logger.filterAndLog_1(Ljava/lang/String;Lorg/slf4j/Marker;Lch/qos/logback/classic/Level;Ljava/lang/String;Ljava/lang/Object;Ljava/lang/Throwable;)V @ 
Event: 225563.744 Thread 0x000000001eaa7800 Uncommon trap: reason=unstable_if action=reinterpret pc=0x00000000045aada4 method=ch.qos.logback.classic.spi.LoggingEvent.getFormattedMessage()Ljava/lang/String; @ 16
Event: 225570.334 Thread 0x000000001eaa9000 Uncommon trap: reason=uninitialized action=reinterpret pc=0x00000000049300c4 method=com.sun.jersey.client.apache4.ApacheHttpClient4Handler.handle(Lcom/sun/jersey/api/client/ClientRequest;)Lcom/sun/jersey/api/client/ClientResponse; @ 168
Event: 225570.367 Thread 0x000000001eaa9000 Uncommon trap: reason=bimorphic action=maybe_recompile pc=0x00000000048088e8 method=ch.qos.logback.classic.spi.ThrowableProxy.<init>(Ljava/lang/Throwable;)V @ 34
Event: 225571.834 Thread 0x000000001eaa7800 Uncommon trap: reason=bimorphic action=maybe_recompile pc=0x00000000048088e8 method=ch.qos.logback.classic.spi.ThrowableProxy.<init>(Ljava/lang/Throwable;)V @ 34
Event: 225571.992 Thread 0x000000001eaa7800 Uncommon trap: reason=unstable_if action=reinterpret pc=0x000000000454a328 method=com.netflix.discovery.shared.transport.decorator.RetryableEurekaHttpClient.execute(Lcom/netflix/discovery/shared/transport/decorator/EurekaHttpClientDecorator$RequestExecuto
Event: 225572.015 Thread 0x000000001eaa7800 Uncommon trap: reason=unstable_if action=reinterpret pc=0x0000000003913fe4 method=ch.qos.logback.classic.Logger.filterAndLog_2(Ljava/lang/String;Lorg/slf4j/Marker;Lch/qos/logback/classic/Level;Ljava/lang/String;Ljava/lang/Object;Ljava/lang/Object;Ljava/la
Event: 225572.039 Thread 0x000000001eaa7800 Uncommon trap: reason=unstable_if action=reinterpret pc=0x0000000004517560 method=com.netflix.discovery.DiscoveryClient$HeartbeatThread.run()V @ 7

Internal exceptions (10 events):
Event: 225471.944 Thread 0x000000001eaa9000 Exception <a 'java/net/SocketTimeoutException': Read timed out> (0x000000078304f448) thrown at [C:\re\workspace\8-2-build-windows-amd64-cygwin\jdk8u131\8869\hotspot\src\share\vm\prims\jni.cpp, line 735]
Event: 225501.948 Thread 0x000000001eaa9000 Exception <a 'java/net/SocketTimeoutException': Read timed out> (0x00000007830796d8) thrown at [C:\re\workspace\8-2-build-windows-amd64-cygwin\jdk8u131\8869\hotspot\src\share\vm\prims\jni.cpp, line 735]
Event: 225531.951 Thread 0x000000001eaa9000 Exception <a 'java/net/SocketTimeoutException': Read timed out> (0x000000078309a4e0) thrown at [C:\re\workspace\8-2-build-windows-amd64-cygwin\jdk8u131\8869\hotspot\src\share\vm\prims\jni.cpp, line 735]
Event: 225561.877 Thread 0x000000001eaa7800 Exception <a 'java/net/UnknownHostException': localhost> (0x0000000783099888) thrown at [C:\re\workspace\8-2-build-windows-amd64-cygwin\jdk8u131\8869\hotspot\src\share\vm\prims\jni.cpp, line 735]
Event: 225561.900 Thread 0x000000001eaa7800 Exception <a 'java/net/SocketException': Software caused connection abort: recv failed> (0x00000007830aedd8) thrown at [C:\re\workspace\8-2-build-windows-amd64-cygwin\jdk8u131\8869\hotspot\src\share\vm\prims\jni.cpp, line 735]
Event: 225561.993 Thread 0x000000001eaa9000 Exception <a 'java/net/SocketException': No buffer space available (maximum connections reached?): connect> (0x00000007830b1df0) thrown at [C:\re\workspace\8-2-build-windows-amd64-cygwin\jdk8u131\8869\hotspot\src\share\vm\prims\jni.cpp, line 735]
Event: 225562.295 Thread 0x000000001eaa9000 Exception <a 'java/net/SocketException': No buffer space available (maximum connections reached?): create> (0x00000007830b9d30) thrown at [C:\re\workspace\8-2-build-windows-amd64-cygwin\jdk8u131\8869\hotspot\src\share\vm\prims\jni.cpp, line 735]
Event: 225562.296 Thread 0x000000001eaa9000 Exception <a 'java/net/SocketException': No buffer space available (maximum connections reached?): create> (0x00000007830be388) thrown at [C:\re\workspace\8-2-build-windows-amd64-cygwin\jdk8u131\8869\hotspot\src\share\vm\prims\jni.cpp, line 735]
Event: 225570.334 Thread 0x000000001eaa9000 Exception <a 'java/net/SocketTimeoutException': Read timed out> (0x00000007830ca258) thrown at [C:\re\workspace\8-2-build-windows-amd64-cygwin\jdk8u131\8869\hotspot\src\share\vm\prims\jni.cpp, line 735]
Event: 225571.834 Thread 0x000000001eaa7800 Exception <a 'java/net/SocketTimeoutException': Read timed out> (0x0000000783112c10) thrown at [C:\re\workspace\8-2-build-windows-amd64-cygwin\jdk8u131\8869\hotspot\src\share\vm\prims\jni.cpp, line 735]

Events (10 events):
Event: 225571.883 Thread 0x0000000019bea000 flushing nmethod 0x0000000003e936d0
Event: 225571.992 Thread 0x000000001eaa7800 Uncommon trap: trap_request=0xffffff65 fr.pc=0x000000000454a328
Event: 225571.992 Thread 0x000000001eaa7800 DEOPT PACKING pc=0x000000000454a328 sp=0x000000002acff2e0
Event: 225571.992 Thread 0x000000001eaa7800 DEOPT UNPACKING pc=0x0000000002b8582a sp=0x000000002acff278 mode 2
Event: 225572.015 Thread 0x000000001eaa7800 Uncommon trap: trap_request=0xffffff65 fr.pc=0x0000000003913fe4
Event: 225572.015 Thread 0x000000001eaa7800 DEOPT PACKING pc=0x0000000003913fe4 sp=0x000000002acff230
Event: 225572.015 Thread 0x000000001eaa7800 DEOPT UNPACKING pc=0x0000000002b8582a sp=0x000000002acff228 mode 2
Event: 225572.039 Thread 0x000000001eaa7800 Uncommon trap: trap_request=0xffffff65 fr.pc=0x0000000004517560
Event: 225572.039 Thread 0x000000001eaa7800 DEOPT PACKING pc=0x0000000004517560 sp=0x000000002acff390
Event: 225572.039 Thread 0x000000001eaa7800 DEOPT UNPACKING pc=0x0000000002b8582a sp=0x000000002acff400 mode 2


Dynamic libraries:
0x00007ff79b910000 - 0x00007ff79b947000 	D:\Program Files\Java\jdk1.8.0_131\bin\javaw.exe
0x00007ffcf9d00000 - 0x00007ffcf9ee1000 	C:\WINDOWS\SYSTEM32\ntdll.dll
0x00007ffcf7190000 - 0x00007ffcf7242000 	C:\WINDOWS\System32\KERNEL32.DLL
0x00007ffcf6c70000 - 0x00007ffcf6ee3000 	C:\WINDOWS\System32\KERNELBASE.dll
0x00007ffcf97a0000 - 0x00007ffcf9841000 	C:\WINDOWS\System32\ADVAPI32.dll
0x00007ffcf73a0000 - 0x00007ffcf743e000 	C:\WINDOWS\System32\msvcrt.dll
0x00007ffcf91d0000 - 0x00007ffcf922b000 	C:\WINDOWS\System32\sechost.dll
0x00007ffcf7840000 - 0x00007ffcf7964000 	C:\WINDOWS\System32\RPCRT4.dll
0x00007ffcf9500000 - 0x00007ffcf9690000 	C:\WINDOWS\System32\USER32.dll
0x00007ffcf6860000 - 0x00007ffcf6880000 	C:\WINDOWS\System32\win32u.dll
0x00007ffcf9ca0000 - 0x00007ffcf9cc8000 	C:\WINDOWS\System32\GDI32.dll
0x00007ffcf6ff0000 - 0x00007ffcf7182000 	C:\WINDOWS\System32\gdi32full.dll
0x00007ffcf6bd0000 - 0x00007ffcf6c6f000 	C:\WINDOWS\System32\msvcp_win.dll
0x00007ffcf68e0000 - 0x00007ffcf69d8000 	C:\WINDOWS\System32\ucrtbase.dll
0x00007ffceafd0000 - 0x00007ffceb239000 	C:\WINDOWS\WinSxS\amd64_microsoft.windows.common-controls_6595b64144ccf1df_6.0.17134.648_none_fb45a0e93062a6d2\COMCTL32.dll
0x00007ffcf79d0000 - 0x00007ffcf7cf2000 	C:\WINDOWS\System32\combase.dll
0x00007ffcf67e0000 - 0x00007ffcf685a000 	C:\WINDOWS\System32\bcryptPrimitives.dll
0x00007ffcf74f0000 - 0x00007ffcf751d000 	C:\WINDOWS\System32\IMM32.DLL
0x0000000063700000 - 0x00000000637d2000 	D:\Program Files\Java\jdk1.8.0_131\jre\bin\msvcr100.dll
0x0000000062bb0000 - 0x000000006344c000 	D:\Program Files\Java\jdk1.8.0_131\jre\bin\server\jvm.dll
0x00007ffcf91c0000 - 0x00007ffcf91c8000 	C:\WINDOWS\System32\PSAPI.DLL
0x00007ffce7b60000 - 0x00007ffce7b69000 	C:\WINDOWS\SYSTEM32\WSOCK32.dll
0x00007ffceaa50000 - 0x00007ffceaa73000 	C:\WINDOWS\SYSTEM32\WINMM.dll
0x00007ffcf9690000 - 0x00007ffcf96fc000 	C:\WINDOWS\System32\WS2_32.dll
0x00007ffcecb90000 - 0x00007ffcecb9a000 	C:\WINDOWS\SYSTEM32\VERSION.dll
0x00007ffcea110000 - 0x00007ffcea13a000 	C:\WINDOWS\SYSTEM32\WINMMBASE.dll
0x00007ffcf6ef0000 - 0x00007ffcf6f39000 	C:\WINDOWS\System32\cfgmgr32.dll
0x00000000636f0000 - 0x00000000636ff000 	D:\Program Files\Java\jdk1.8.0_131\jre\bin\verify.dll
0x00000000636c0000 - 0x00000000636e9000 	D:\Program Files\Java\jdk1.8.0_131\jre\bin\java.dll
0x00000000636a0000 - 0x00000000636b6000 	D:\Program Files\Java\jdk1.8.0_131\jre\bin\zip.dll
0x00007ffcf7d00000 - 0x00007ffcf9140000 	C:\WINDOWS\System32\SHELL32.dll
0x00007ffcf7440000 - 0x00007ffcf74e9000 	C:\WINDOWS\System32\shcore.dll
0x00007ffcf60d0000 - 0x00007ffcf67dd000 	C:\WINDOWS\System32\windows.storage.dll
0x00007ffcf7970000 - 0x00007ffcf79c1000 	C:\WINDOWS\System32\shlwapi.dll
0x00007ffcf6040000 - 0x00007ffcf6051000 	C:\WINDOWS\System32\kernel.appcore.dll
0x00007ffcf6020000 - 0x00007ffcf603f000 	C:\WINDOWS\System32\profapi.dll
0x00007ffcf6060000 - 0x00007ffcf60ac000 	C:\WINDOWS\System32\powrprof.dll
0x00007ffcf6010000 - 0x00007ffcf601a000 	C:\WINDOWS\System32\FLTLIB.DLL
0x0000000063680000 - 0x000000006369a000 	D:\Program Files\Java\jdk1.8.0_131\jre\bin\net.dll
0x00007ffcf5830000 - 0x00007ffcf5896000 	C:\WINDOWS\system32\mswsock.dll
0x00007ffcf55b0000 - 0x00007ffcf55e8000 	C:\WINDOWS\SYSTEM32\IPHLPAPI.DLL
0x00007ffcf7250000 - 0x00007ffcf7258000 	C:\WINDOWS\System32\NSI.dll
0x00007ffcf10a0000 - 0x00007ffcf10b6000 	C:\WINDOWS\SYSTEM32\dhcpcsvc6.DLL
0x00007ffcf1080000 - 0x00007ffcf109a000 	C:\WINDOWS\SYSTEM32\dhcpcsvc.DLL
0x00007ffcf5600000 - 0x00007ffcf56be000 	C:\WINDOWS\SYSTEM32\DNSAPI.dll
0x00007ffcf07b0000 - 0x00007ffcf07ba000 	C:\Windows\System32\rasadhlp.dll
0x00007ffcf08a0000 - 0x00007ffcf0912000 	C:\WINDOWS\System32\fwpuclnt.dll
0x00007ffcf5b10000 - 0x00007ffcf5b35000 	C:\WINDOWS\SYSTEM32\bcrypt.dll
0x0000000063670000 - 0x000000006367d000 	D:\Program Files\Java\jdk1.8.0_131\jre\bin\management.dll
0x00007ffce6750000 - 0x00007ffce6766000 	C:\WINDOWS\system32\napinsp.dll
0x00007ffce6730000 - 0x00007ffce674a000 	C:\WINDOWS\system32\pnrpnsp.dll
0x00007ffcf1140000 - 0x00007ffcf1159000 	C:\WINDOWS\system32\NLAapi.dll
0x00007ffce6720000 - 0x00007ffce672e000 	C:\WINDOWS\System32\winrnr.dll
0x0000000063650000 - 0x0000000063661000 	D:\Program Files\Java\jdk1.8.0_131\jre\bin\nio.dll
0x0000000063620000 - 0x0000000063644000 	D:\Program Files\Java\jdk1.8.0_131\jre\bin\sunec.dll
0x00007ffcf59f0000 - 0x00007ffcf5a07000 	C:\WINDOWS\SYSTEM32\CRYPTSP.dll
0x00007ffcf5410000 - 0x00007ffcf5443000 	C:\WINDOWS\system32\rsaenh.dll
0x00007ffcf5f40000 - 0x00007ffcf5f68000 	C:\WINDOWS\SYSTEM32\USERENV.dll
0x00007ffcf59e0000 - 0x00007ffcf59eb000 	C:\WINDOWS\SYSTEM32\CRYPTBASE.dll

VM Arguments:
jvm_args: -Dfile.encoding=UTF-8 
java_command: com.zhangbin.cloud.ProbjectCloudGatewayZuulApplication
java_class_path (initial): D:\Program Files\Java\jdk1.8.0_131\jre\lib\resources.jar;D:\Program Files\Java\jdk1.8.0_131\jre\lib\rt.jar;D:\Program Files\Java\jdk1.8.0_131\jre\lib\jsse.jar;D:\Program Files\Java\jdk1.8.0_131\jre\lib\jce.jar;D:\Program Files\Java\jdk1.8.0_131\jre\lib\charsets.jar;D:\Program Files\Java\jdk1.8.0_131\jre\lib\jfr.jar;D:\Program Files\Java\jdk1.8.0_131\jre\lib\ext\access-bridge-64.jar;D:\Program Files\Java\jdk1.8.0_131\jre\lib\ext\cldrdata.jar;D:\Program Files\Java\jdk1.8.0_131\jre\lib\ext\dnsns.jar;D:\Program Files\Java\jdk1.8.0_131\jre\lib\ext\jaccess.jar;D:\Program Files\Java\jdk1.8.0_131\jre\lib\ext\jfxrt.jar;D:\Program Files\Java\jdk1.8.0_131\jre\lib\ext\localedata.jar;D:\Program Files\Java\jdk1.8.0_131\jre\lib\ext\nashorn.jar;D:\Program Files\Java\jdk1.8.0_131\jre\lib\ext\sunec.jar;D:\Program Files\Java\jdk1.8.0_131\jre\lib\ext\sunjce_provider.jar;D:\Program Files\Java\jdk1.8.0_131\jre\lib\ext\sunmscapi.jar;D:\Program Files\Java\jdk1.8.0_131\jre\lib\ext\sunpkcs11.jar;D:\Program Files\Java\jdk1.8.0_131\jre\lib\ext\zipfs.jar;I:\zhangbin_workspace\probject-cloud\probject-cloud-gateway-zuul\target\classes;I:\jun\repository\repository1\org\springframework\cloud\spring-cloud-starter-netflix-zuul\1.4.5.RELEASE\spring-cloud-starter-netflix-zuul-1.4.5.RELEASE.jar;I:\jun\repository\repository1\org\springframework\cloud\spring-cloud-starter\1.3.4.RELEASE\spring-cloud-starter-1.3.4.RELEASE.jar;I:\jun\repository\repository1\org\springframework\cloud\spring-cloud-context\1.3.4.RELEASE\spring-cloud-context-1.3.4.RELEASE.jar;I:\jun\repository\repository1\org\springframework\security\spring-security-crypto\4.2.8.RELEASE\spring-security-crypto-4.2.8.RELEASE.jar;I:\jun\repository\repository1\org\springframework\cloud\spring-cloud-commons\1.3.4.RELEASE\spring-cloud-commons-1.3.4.RELEASE.jar;I:\jun\repository\repository1\org\springframework\security\spring-security-rsa\1.0.3.RELEASE\spring-security-rsa-1.0.3.RELEASE.jar;I:\jun\repository\repository1\org\b
Launcher Type: SUN_STANDARD

Environment Variables:
JAVA_HOME=D:\Program Files\Java\jdk1.8.0_131
PATH=C:\WINDOWS\system32;C:\WINDOWS;C:\WINDOWS\System32\Wbem;C:\WINDOWS\System32\WindowsPowerShell\v1.0\;D:\Program Files\Java\jdk1.8.0_131\bin;D:\Program Files\MySQL\MySQL Server 5.5\bin;C:\ProgramData\Oracle\Java\javapath;D:\Program Files\Git\cmd;D:\app\admin\product\11.2.0\dbhome_1;D:\dev\apache-maven-3.3.9\bin;D:\Program Files\Intel\WiFi\bin\;C:\Program Files\Common Files\Intel\WirelessCommon\;D:\Program Files\nodejs\;C:\Program Files\TortoiseSVN\bin;C:\WINDOWS\System32\OpenSSH\;D:\Program Files\TortoiseGit\bin;D:\dev\nexus-3.13.0-01-win64\nexus-3.13.0-01\bin;D:\Program Files\Intel\WiFi\bin\;C:\Program Files\Common Files\Intel\WirelessCommon\;C:\Users\admin\AppData\Roaming\npm;%USERPROFILE%\AppData\Local\Microsoft\WindowsApps;
USERNAME=admin
OS=Windows_NT
PROCESSOR_IDENTIFIER=Intel64 Family 6 Model 78 Stepping 3, GenuineIntel



---------------  S Y S T E M  ---------------

OS: Windows 10.0 , 64 bit Build 17134 (10.0.17134.648)

CPU:total 4 (initial active 4) (2 cores per cpu, 2 threads per core) family 6 model 78 stepping 3, cmov, cx8, fxsr, mmx, sse, sse2, sse3, ssse3, sse4.1, sse4.2, popcnt, avx, avx2, aes, clmul, erms, 3dnowpref, lzcnt, ht, tsc, tscinvbit, bmi1, bmi2, adx

Memory: 4k page, physical 12453640k(552048k free), swap 50202376k(24k free)

vm_info: Java HotSpot(TM) 64-Bit Server VM (25.131-b11) for windows-amd64 JRE (1.8.0_131-b11), built on Mar 15 2017 01:23:53 by "java_re" with MS VC++ 10.0 (VS2010)

time: Mon Mar 18 09:16:39 2019
elapsed time: 225573 seconds (2d 14h 39m 33s)

